# JRE version: OpenJDK Runtime Environment (11.0.10+9) (build 11.0.10+9-Ubuntu-0ubuntu1.18.04)
# Java VM: OpenJDK 64-Bit Server VM (11.0.10+9-Ubuntu-0ubuntu1.18.04, mixed mode, sharing, tiered, compressed oops, g1 gc, linux-amd64)
Heap:
 garbage-first heap   total 772096K, used 205592K [0x0000000080000000, 0x0000000100000000)
  region size 1024K, 2 young (2048K), 2 survivors (2048K)
 Metaspace       used 98400K, capacity 101165K, committed 101712K, reserved 1136640K
  class space    used 12801K, capacity 13791K, committed 14028K, reserved 1048576K
GC Heap History (20 events):
Event: 38.829 GC heap after
{Heap after GC invocations=42 (full 0):
 garbage-first heap   total 183296K, used 93818K [0x0000000080000000, 0x0000000100000000)
  region size 1024K, 1 young (1024K), 1 survivors (1024K)
 Metaspace       used 95962K, capacity 98582K, committed 99536K, reserved 1134592K
  class space    used 12551K, capacity 13518K, committed 13900K, reserved 1048576K
}
Event: 38.834 GC heap before
{Heap before GC invocations=42 (full 0):
 garbage-first heap   total 183296K, used 93818K [0x0000000080000000, 0x0000000100000000)
  region size 1024K, 2 young (2048K), 1 survivors (1024K)
 Metaspace       used 95979K, capacity 98588K, committed 99536K, reserved 1134592K
  class space    used 12554K, capacity 13520K, committed 13900K, reserved 1048576K
}
Event: 38.838 GC heap after
{Heap after GC invocations=43 (full 0):
 garbage-first heap   total 220160K, used 94088K [0x0000000080000000, 0x0000000100000000)
  region size 1024K, 2 young (2048K), 2 survivors (2048K)
 Metaspace       used 95979K, capacity 98588K, committed 99536K, reserved 1134592K
  class space    used 12554K, capacity 13520K, committed 13900K, reserved 1048576K
}
Event: 39.114 GC heap before
{Heap before GC invocations=44 (full 0):
 garbage-first heap   total 220160K, used 164744K [0x0000000080000000, 0x0000000100000000)
  region size 1024K, 52 young (53248K), 2 survivors (2048K)
 Metaspace       used 96405K, capacity 99074K, committed 99792K, reserved 1134592K
  class space    used 12627K, capacity 13618K, committed 13900K, reserved 1048576K
}
Event: 39.132 GC heap after
{Heap after GC invocations=45 (full 0):
 garbage-first heap   total 220160K, used 127151K [0x0000000080000000, 0x0000000100000000)
  region size 1024K, 7 young (7168K), 7 survivors (7168K)
 Metaspace       used 96405K, capacity 99074K, committed 99792K, reserved 1134592K
  class space    used 12627K, capacity 13618K, committed 13900K, reserved 1048576K
}
Event: 39.146 GC heap before
{Heap before GC invocations=45 (full 0):
 garbage-first heap   total 220160K, used 129199K [0x0000000080000000, 0x0000000100000000)
  region size 1024K, 10 young (10240K), 7 survivors (7168K)
 Metaspace       used 96413K, capacity 99074K, committed 99792K, reserved 1134592K
  class space    used 12627K, capacity 13618K, committed 13900K, reserved 1048576K
}
Event: 39.163 GC heap after
{Heap after GC invocations=46 (full 0):
 garbage-first heap   total 220160K, used 125563K [0x0000000080000000, 0x0000000100000000)
  region size 1024K, 2 young (2048K), 2 survivors (2048K)
 Metaspace       used 96413K, capacity 99074K, committed 99792K, reserved 1134592K
  class space    used 12627K, capacity 13618K, committed 13900K, reserved 1048576K
}
Event: 39.396 GC heap before
{Heap before GC invocations=46 (full 0):
 garbage-first heap   total 220160K, used 160379K [0x0000000080000000, 0x0000000100000000)
  region size 1024K, 36 young (36864K), 2 survivors (2048K)
 Metaspace       used 96737K, capacity 99449K, committed 100304K, reserved 1136640K
  class space    used 12642K, capacity 13654K, committed 13900K, reserved 1048576K
}
Event: 39.422 GC heap after
{Heap after GC invocations=47 (full 0):
 garbage-first heap   total 220160K, used 144724K [0x0000000080000000, 0x0000000100000000)
  region size 1024K, 5 young (5120K), 5 survivors (5120K)
 Metaspace       used 96737K, capacity 99449K, committed 100304K, reserved 1136640K
  class space    used 12642K, capacity 13654K, committed 13900K, reserved 1048576K
}
Event: 39.562 GC heap before
{Heap before GC invocations=47 (full 0):
 garbage-first heap   total 220160K, used 167252K [0x0000000080000000, 0x0000000100000000)
  region size 1024K, 28 young (28672K), 5 survivors (5120K)
 Metaspace       used 96763K, capacity 99452K, committed 100304K, reserved 1136640K
  class space    used 12642K, capacity 13654K, committed 13900K, reserved 1048576K
}
Event: 39.584 GC heap after
{Heap after GC invocations=48 (full 0):
 garbage-first heap   total 220160K, used 159343K [0x0000000080000000, 0x0000000100000000)
  region size 1024K, 4 young (4096K), 4 survivors (4096K)
 Metaspace       used 96763K, capacity 99452K, committed 100304K, reserved 1136640K
  class space    used 12642K, capacity 13654K, committed 13900K, reserved 1048576K
}
Event: 39.795 GC heap before
{Heap before GC invocations=48 (full 0):
 garbage-first heap   total 220160K, used 175727K [0x0000000080000000, 0x0000000100000000)
  region size 1024K, 20 young (20480K), 4 survivors (4096K)
 Metaspace       used 96778K, capacity 99420K, committed 100304K, reserved 1136640K
  class space    used 12632K, capacity 13635K, committed 13900K, reserved 1048576K
}
Event: 39.820 GC heap after
{Heap after GC invocations=49 (full 0):
 garbage-first heap   total 440320K, used 169600K [0x0000000080000000, 0x0000000100000000)
  region size 1024K, 3 young (3072K), 3 survivors (3072K)
 Metaspace       used 96778K, capacity 99420K, committed 100304K, reserved 1136640K
  class space    used 12632K, capacity 13635K, committed 13900K, reserved 1048576K
}
Event: 40.097 GC heap before
{Heap before GC invocations=50 (full 0):
 garbage-first heap   total 440320K, used 209536K [0x0000000080000000, 0x0000000100000000)
  region size 1024K, 43 young (44032K), 3 survivors (3072K)
 Metaspace       used 96885K, capacity 99584K, committed 100304K, reserved 1136640K
  class space    used 12640K, capacity 13645K, committed 13900K, reserved 1048576K
}
Event: 40.127 GC heap after
{Heap after GC invocations=51 (full 0):
 garbage-first heap   total 440320K, used 177303K [0x0000000080000000, 0x0000000100000000)
  region size 1024K, 12 young (12288K), 12 survivors (12288K)
 Metaspace       used 96885K, capacity 99584K, committed 100304K, reserved 1136640K
  class space    used 12640K, capacity 13645K, committed 13900K, reserved 1048576K
}
Event: 41.369 GC heap before
{Heap before GC invocations=52 (full 0):
 garbage-first heap   total 440320K, used 291991K [0x0000000080000000, 0x0000000100000000)
  region size 1024K, 106 young (108544K), 12 survivors (12288K)
 Metaspace       used 96988K, capacity 99678K, committed 100304K, reserved 1136640K
  class space    used 12639K, capacity 13643K, committed 13900K, reserved 1048576K
}
Event: 41.466 GC heap after
{Heap after GC invocations=53 (full 0):
 garbage-first heap   total 440320K, used 207942K [0x0000000080000000, 0x0000000100000000)
  region size 1024K, 14 young (14336K), 14 survivors (14336K)
 Metaspace       used 96988K, capacity 99678K, committed 100304K, reserved 1136640K
  class space    used 12639K, capacity 13643K, committed 13900K, reserved 1048576K
}
Event: 41.519 GC heap before
{Heap before GC invocations=53 (full 0):
 garbage-first heap   total 440320K, used 214086K [0x0000000080000000, 0x0000000100000000)
  region size 1024K, 21 young (21504K), 14 survivors (14336K)
 Metaspace       used 97016K, capacity 99742K, committed 100560K, reserved 1136640K
  class space    used 12639K, capacity 13643K, committed 13900K, reserved 1048576K
}
Event: 41.532 GC heap after
{Heap after GC invocations=54 (full 0):
 garbage-first heap   total 440320K, used 205664K [0x0000000080000000, 0x0000000100000000)
  region size 1024K, 2 young (2048K), 2 survivors (2048K)
 Metaspace       used 97016K, capacity 99742K, committed 100560K, reserved 1136640K
  class space    used 12639K, capacity 13643K, committed 13900K, reserved 1048576K
}
Event: 64.517 GC heap before
{Heap before GC invocations=54 (full 0):
 garbage-first heap   total 440320K, used 240480K [0x0000000080000000, 0x0000000100000000)
  region size 1024K, 37 young (37888K), 2 survivors (2048K)
 Metaspace       used 98400K, capacity 101165K, committed 101712K, reserved 1136640K
  class space    used 12801K, capacity 13791K, committed 14028K, reserved 1048576K
}

